[01:56 25-02] [http-nio-8080-exec-4] [INFO ] [r.t.e.C.T.TranslateController] Got necessary wrong string gtybcJUHJYVSQ
[01:56 25-02] [http-nio-8080-exec-4] [INFO ] [r.t.e.S.T.TranslateService] Got value gtybcJUHJYVSQ for work
[01:56 25-02] [http-nio-8080-exec-4] [INFO ] [r.t.e.C.DictionaryForMap] Swapped the letter g to п
[01:56 25-02] [http-nio-8080-exec-4] [INFO ] [r.t.e.C.DictionaryForMap] Swapped the letter t to е
[01:56 25-02] [http-nio-8080-exec-4] [INFO ] [r.t.e.C.DictionaryForMap] Swapped the letter y to н
[01:56 25-02] [http-nio-8080-exec-4] [INFO ] [r.t.e.C.DictionaryForMap] Swapped the letter b to и
[01:56 25-02] [http-nio-8080-exec-4] [INFO ] [r.t.e.C.DictionaryForMap] Swapped the letter c to с
[01:56 25-02] [http-nio-8080-exec-4] [INFO ] [r.t.e.C.DictionaryForMap] Swapped the letter j to о
[01:56 25-02] [http-nio-8080-exec-4] [INFO ] [r.t.e.C.DictionaryForMap] Swapped the letter u to г
[01:56 25-02] [http-nio-8080-exec-4] [INFO ] [r.t.e.C.DictionaryForMap] Swapped the letter h to р
[01:56 25-02] [http-nio-8080-exec-4] [INFO ] [r.t.e.C.DictionaryForMap] Swapped the letter j to о
[01:56 25-02] [http-nio-8080-exec-4] [INFO ] [r.t.e.C.DictionaryForMap] Swapped the letter y to н
[01:56 25-02] [http-nio-8080-exec-4] [INFO ] [r.t.e.C.DictionaryForMap] Swapped the letter v to м
[01:56 25-02] [http-nio-8080-exec-4] [INFO ] [r.t.e.C.DictionaryForMap] Swapped the letter s to ы
[01:56 25-02] [http-nio-8080-exec-4] [INFO ] [r.t.e.C.DictionaryForMap] Swapped the letter q to й
[01:56 25-02] [http-nio-8080-exec-4] [INFO ] [r.t.e.u.TranslateWord] Translated full word gtybcJUHJYVSQ to пенисогронмый
[01:56 25-02] [http-nio-8080-exec-4] [INFO ] [r.t.e.u.GetConnection] Open connection to database
[01:56 25-02] [http-nio-8080-exec-4] [INFO ] [r.t.e.D.DTOTranslate] Saved bean gtybcJUHJYVSQ in database
[01:56 25-02] [http-nio-8080-exec-4] [INFO ] [r.t.e.D.DTOTranslate] Closed connection to database
[01:56 25-02] [http-nio-8080-exec-5] [INFO ] [r.t.e.C.T.TranslateController] Initialized absent POJO object
