[16:53 25-02] [http-nio-8080-exec-2] [INFO ] [r.t.e.C.T.TranslateController] Got necessary wrong string G
"hbdtn? z kj[ gbljhcrbq? ghbitk cjcfnm [eq b gbnm ufpbhjdrb/ DS DCT UTB YF[EQ ,KZ
[16:53 25-02] [http-nio-8080-exec-2] [INFO ] [r.t.e.S.T.TranslateService] Got value G
"hbdtn? z kj[ gbljhcrbq? ghbitk cjcfnm [eq b gbnm ufpbhjdrb/ DS DCT UTB YF[EQ ,KZ for work
[16:53 25-02] [http-nio-8080-exec-2] [INFO ] [r.t.e.C.DictionaryForMap] Swapped the letter g to П
[16:53 25-02] [http-nio-8080-exec-2] [INFO ] [r.t.e.C.DictionaryForMap] Swapped the letter  to 
[16:53 25-02] [http-nio-8080-exec-2] [INFO ] [r.t.e.C.DictionaryForMap] Swapped the letter 
 to 

[16:53 25-02] [http-nio-8080-exec-2] [INFO ] [r.t.e.C.DictionaryForMap] Swapped the letter " to Э
[16:53 25-02] [http-nio-8080-exec-2] [INFO ] [r.t.e.C.DictionaryForMap] Swapped the letter h to р
[16:53 25-02] [http-nio-8080-exec-2] [INFO ] [r.t.e.C.DictionaryForMap] Swapped the letter b to и
[16:53 25-02] [http-nio-8080-exec-2] [INFO ] [r.t.e.C.DictionaryForMap] Swapped the letter d to в
[16:53 25-02] [http-nio-8080-exec-2] [INFO ] [r.t.e.C.DictionaryForMap] Swapped the letter t to е
[16:53 25-02] [http-nio-8080-exec-2] [INFO ] [r.t.e.C.DictionaryForMap] Swapped the letter n to т
[16:53 25-02] [http-nio-8080-exec-2] [INFO ] [r.t.e.C.DictionaryForMap] Swapped the letter ? to ,
[16:53 25-02] [http-nio-8080-exec-2] [INFO ] [r.t.e.C.DictionaryForMap] Swapped the letter   to  
[16:53 25-02] [http-nio-8080-exec-2] [INFO ] [r.t.e.C.DictionaryForMap] Swapped the letter z to я
[16:53 25-02] [http-nio-8080-exec-2] [INFO ] [r.t.e.C.DictionaryForMap] Swapped the letter   to  
[16:53 25-02] [http-nio-8080-exec-2] [INFO ] [r.t.e.C.DictionaryForMap] Swapped the letter k to л
[16:53 25-02] [http-nio-8080-exec-2] [INFO ] [r.t.e.C.DictionaryForMap] Swapped the letter j to о
[16:53 25-02] [http-nio-8080-exec-2] [INFO ] [r.t.e.C.DictionaryForMap] Swapped the letter [ to х
[16:53 25-02] [http-nio-8080-exec-2] [INFO ] [r.t.e.C.DictionaryForMap] Swapped the letter   to  
[16:53 25-02] [http-nio-8080-exec-2] [INFO ] [r.t.e.C.DictionaryForMap] Swapped the letter g to п
[16:53 25-02] [http-nio-8080-exec-2] [INFO ] [r.t.e.C.DictionaryForMap] Swapped the letter b to и
[16:53 25-02] [http-nio-8080-exec-2] [INFO ] [r.t.e.C.DictionaryForMap] Swapped the letter l to д
[16:53 25-02] [http-nio-8080-exec-2] [INFO ] [r.t.e.C.DictionaryForMap] Swapped the letter j to о
[16:53 25-02] [http-nio-8080-exec-2] [INFO ] [r.t.e.C.DictionaryForMap] Swapped the letter h to р
[16:53 25-02] [http-nio-8080-exec-2] [INFO ] [r.t.e.C.DictionaryForMap] Swapped the letter c to с
[16:53 25-02] [http-nio-8080-exec-2] [INFO ] [r.t.e.C.DictionaryForMap] Swapped the letter r to к
[16:53 25-02] [http-nio-8080-exec-2] [INFO ] [r.t.e.C.DictionaryForMap] Swapped the letter b to и
[16:53 25-02] [http-nio-8080-exec-2] [INFO ] [r.t.e.C.DictionaryForMap] Swapped the letter q to й
[16:53 25-02] [http-nio-8080-exec-2] [INFO ] [r.t.e.C.DictionaryForMap] Swapped the letter ? to ,
[16:53 25-02] [http-nio-8080-exec-2] [INFO ] [r.t.e.C.DictionaryForMap] Swapped the letter   to  
[16:53 25-02] [http-nio-8080-exec-2] [INFO ] [r.t.e.C.DictionaryForMap] Swapped the letter g to п
[16:53 25-02] [http-nio-8080-exec-2] [INFO ] [r.t.e.C.DictionaryForMap] Swapped the letter h to р
[16:53 25-02] [http-nio-8080-exec-2] [INFO ] [r.t.e.C.DictionaryForMap] Swapped the letter b to и
[16:53 25-02] [http-nio-8080-exec-2] [INFO ] [r.t.e.C.DictionaryForMap] Swapped the letter i to ш
[16:53 25-02] [http-nio-8080-exec-2] [INFO ] [r.t.e.C.DictionaryForMap] Swapped the letter t to е
[16:53 25-02] [http-nio-8080-exec-2] [INFO ] [r.t.e.C.DictionaryForMap] Swapped the letter k to л
[16:53 25-02] [http-nio-8080-exec-2] [INFO ] [r.t.e.C.DictionaryForMap] Swapped the letter   to  
[16:53 25-02] [http-nio-8080-exec-2] [INFO ] [r.t.e.C.DictionaryForMap] Swapped the letter c to с
[16:53 25-02] [http-nio-8080-exec-2] [INFO ] [r.t.e.C.DictionaryForMap] Swapped the letter j to о
[16:53 25-02] [http-nio-8080-exec-2] [INFO ] [r.t.e.C.DictionaryForMap] Swapped the letter c to с
[16:53 25-02] [http-nio-8080-exec-2] [INFO ] [r.t.e.C.DictionaryForMap] Swapped the letter f to а
[16:53 25-02] [http-nio-8080-exec-2] [INFO ] [r.t.e.C.DictionaryForMap] Swapped the letter n to т
[16:53 25-02] [http-nio-8080-exec-2] [INFO ] [r.t.e.C.DictionaryForMap] Swapped the letter m to ь
[16:53 25-02] [http-nio-8080-exec-2] [INFO ] [r.t.e.C.DictionaryForMap] Swapped the letter   to  
[16:53 25-02] [http-nio-8080-exec-2] [INFO ] [r.t.e.C.DictionaryForMap] Swapped the letter [ to х
[16:53 25-02] [http-nio-8080-exec-2] [INFO ] [r.t.e.C.DictionaryForMap] Swapped the letter e to у
[16:53 25-02] [http-nio-8080-exec-2] [INFO ] [r.t.e.C.DictionaryForMap] Swapped the letter q to й
[16:53 25-02] [http-nio-8080-exec-2] [INFO ] [r.t.e.C.DictionaryForMap] Swapped the letter   to  
[16:53 25-02] [http-nio-8080-exec-2] [INFO ] [r.t.e.C.DictionaryForMap] Swapped the letter b to и
[16:53 25-02] [http-nio-8080-exec-2] [INFO ] [r.t.e.C.DictionaryForMap] Swapped the letter   to  
[16:53 25-02] [http-nio-8080-exec-2] [INFO ] [r.t.e.C.DictionaryForMap] Swapped the letter g to п
[16:53 25-02] [http-nio-8080-exec-2] [INFO ] [r.t.e.C.DictionaryForMap] Swapped the letter b to и
[16:53 25-02] [http-nio-8080-exec-2] [INFO ] [r.t.e.C.DictionaryForMap] Swapped the letter n to т
[16:53 25-02] [http-nio-8080-exec-2] [INFO ] [r.t.e.C.DictionaryForMap] Swapped the letter m to ь
[16:53 25-02] [http-nio-8080-exec-2] [INFO ] [r.t.e.C.DictionaryForMap] Swapped the letter   to  
[16:53 25-02] [http-nio-8080-exec-2] [INFO ] [r.t.e.C.DictionaryForMap] Swapped the letter u to г
[16:53 25-02] [http-nio-8080-exec-2] [INFO ] [r.t.e.C.DictionaryForMap] Swapped the letter f to а
[16:53 25-02] [http-nio-8080-exec-2] [INFO ] [r.t.e.C.DictionaryForMap] Swapped the letter p to з
[16:53 25-02] [http-nio-8080-exec-2] [INFO ] [r.t.e.C.DictionaryForMap] Swapped the letter b to и
[16:53 25-02] [http-nio-8080-exec-2] [INFO ] [r.t.e.C.DictionaryForMap] Swapped the letter h to р
[16:53 25-02] [http-nio-8080-exec-2] [INFO ] [r.t.e.C.DictionaryForMap] Swapped the letter j to о
[16:53 25-02] [http-nio-8080-exec-2] [INFO ] [r.t.e.C.DictionaryForMap] Swapped the letter d to в
[16:53 25-02] [http-nio-8080-exec-2] [INFO ] [r.t.e.C.DictionaryForMap] Swapped the letter r to к
[16:53 25-02] [http-nio-8080-exec-2] [INFO ] [r.t.e.C.DictionaryForMap] Swapped the letter b to и
[16:53 25-02] [http-nio-8080-exec-2] [INFO ] [r.t.e.C.DictionaryForMap] Swapped the letter / to .
[16:53 25-02] [http-nio-8080-exec-2] [INFO ] [r.t.e.C.DictionaryForMap] Swapped the letter   to  
[16:53 25-02] [http-nio-8080-exec-2] [INFO ] [r.t.e.C.DictionaryForMap] Swapped the letter d to В
[16:53 25-02] [http-nio-8080-exec-2] [INFO ] [r.t.e.C.DictionaryForMap] Swapped the letter s to Ы
[16:53 25-02] [http-nio-8080-exec-2] [INFO ] [r.t.e.C.DictionaryForMap] Swapped the letter   to  
[16:53 25-02] [http-nio-8080-exec-2] [INFO ] [r.t.e.C.DictionaryForMap] Swapped the letter d to В
[16:53 25-02] [http-nio-8080-exec-2] [INFO ] [r.t.e.C.DictionaryForMap] Swapped the letter c to С
[16:53 25-02] [http-nio-8080-exec-2] [INFO ] [r.t.e.C.DictionaryForMap] Swapped the letter t to Е
[16:53 25-02] [http-nio-8080-exec-2] [INFO ] [r.t.e.C.DictionaryForMap] Swapped the letter   to  
[16:53 25-02] [http-nio-8080-exec-2] [INFO ] [r.t.e.C.DictionaryForMap] Swapped the letter u to Г
[16:53 25-02] [http-nio-8080-exec-2] [INFO ] [r.t.e.C.DictionaryForMap] Swapped the letter t to Е
[16:53 25-02] [http-nio-8080-exec-2] [INFO ] [r.t.e.C.DictionaryForMap] Swapped the letter b to И
[16:53 25-02] [http-nio-8080-exec-2] [INFO ] [r.t.e.C.DictionaryForMap] Swapped the letter   to  
[16:53 25-02] [http-nio-8080-exec-2] [INFO ] [r.t.e.C.DictionaryForMap] Swapped the letter y to Н
[16:53 25-02] [http-nio-8080-exec-2] [INFO ] [r.t.e.C.DictionaryForMap] Swapped the letter f to А
[16:53 25-02] [http-nio-8080-exec-2] [INFO ] [r.t.e.C.DictionaryForMap] Swapped the letter [ to х
[16:53 25-02] [http-nio-8080-exec-2] [INFO ] [r.t.e.C.DictionaryForMap] Swapped the letter e to У
[16:53 25-02] [http-nio-8080-exec-2] [INFO ] [r.t.e.C.DictionaryForMap] Swapped the letter q to Й
[16:53 25-02] [http-nio-8080-exec-2] [INFO ] [r.t.e.C.DictionaryForMap] Swapped the letter   to  
[16:53 25-02] [http-nio-8080-exec-2] [INFO ] [r.t.e.C.DictionaryForMap] Swapped the letter , to б
[16:53 25-02] [http-nio-8080-exec-2] [INFO ] [r.t.e.C.DictionaryForMap] Swapped the letter k to Л
[16:53 25-02] [http-nio-8080-exec-2] [INFO ] [r.t.e.C.DictionaryForMap] Swapped the letter z to Я
[16:53 25-02] [http-nio-8080-exec-2] [INFO ] [r.t.e.u.TranslateWord] Translated full word G
"hbdtn? z kj[ gbljhcrbq? ghbitk cjcfnm [eq b gbnm ufpbhjdrb/ DS DCT UTB YF[EQ ,KZ to П
Эривет, я лох пидорский, пришел сосать хуй и пить газировки. ВЫ ВСЕ ГЕИ НАхУЙ бЛЯ
[16:53 25-02] [http-nio-8080-exec-2] [INFO ] [r.t.e.u.GetConnection] Open connection to database
[16:53 25-02] [http-nio-8080-exec-2] [ERROR] [r.t.e.D.DTOTranslate] ERROR: duplicate key value violates unique constraint "wrongstring_pkey"
  Detail: Key (id)=(1) already exists.
[16:53 25-02] [http-nio-8080-exec-2] [INFO ] [r.t.e.D.DTOTranslate] Closed connection to database
[16:53 25-02] [http-nio-8080-exec-3] [INFO ] [r.t.e.C.T.TranslateController] Initialized absent POJO object
