[08:43 26-02] [http-nio-8080-exec-3] [INFO ] [r.t.e.C.T.TranslateController] Redirected to main - translate-page.html
[08:43 26-02] [http-nio-8080-exec-3] [INFO ] [r.t.e.C.T.TranslateController] Got necessary wrong string Cbcmrb juhjvyst!
[08:43 26-02] [http-nio-8080-exec-3] [INFO ] [r.t.e.S.UUIDPerSession] Initialized new [session] id [4528]
[08:43 26-02] [http-nio-8080-exec-3] [INFO ] [r.t.e.S.T.TranslateService] Got value Cbcmrb juhjvyst! for work
[08:43 26-02] [http-nio-8080-exec-3] [INFO ] [r.t.e.C.DictionaryForMap] Swapped the letter c to С
[08:43 26-02] [http-nio-8080-exec-3] [INFO ] [r.t.e.C.DictionaryForMap] Swapped the letter b to и
[08:43 26-02] [http-nio-8080-exec-3] [INFO ] [r.t.e.C.DictionaryForMap] Swapped the letter c to с
[08:43 26-02] [http-nio-8080-exec-3] [INFO ] [r.t.e.C.DictionaryForMap] Swapped the letter m to ь
[08:43 26-02] [http-nio-8080-exec-3] [INFO ] [r.t.e.C.DictionaryForMap] Swapped the letter r to к
[08:43 26-02] [http-nio-8080-exec-3] [INFO ] [r.t.e.C.DictionaryForMap] Swapped the letter b to и
[08:43 26-02] [http-nio-8080-exec-3] [INFO ] [r.t.e.C.DictionaryForMap] Swapped the letter   to  
[08:43 26-02] [http-nio-8080-exec-3] [INFO ] [r.t.e.C.DictionaryForMap] Swapped the letter j to о
[08:43 26-02] [http-nio-8080-exec-3] [INFO ] [r.t.e.C.DictionaryForMap] Swapped the letter u to г
[08:43 26-02] [http-nio-8080-exec-3] [INFO ] [r.t.e.C.DictionaryForMap] Swapped the letter h to р
[08:43 26-02] [http-nio-8080-exec-3] [INFO ] [r.t.e.C.DictionaryForMap] Swapped the letter j to о
[08:43 26-02] [http-nio-8080-exec-3] [INFO ] [r.t.e.C.DictionaryForMap] Swapped the letter v to м
[08:43 26-02] [http-nio-8080-exec-3] [INFO ] [r.t.e.C.DictionaryForMap] Swapped the letter y to н
[08:43 26-02] [http-nio-8080-exec-3] [INFO ] [r.t.e.C.DictionaryForMap] Swapped the letter s to ы
[08:43 26-02] [http-nio-8080-exec-3] [INFO ] [r.t.e.C.DictionaryForMap] Swapped the letter t to е
[08:43 26-02] [http-nio-8080-exec-3] [INFO ] [r.t.e.C.DictionaryForMap] Swapped the letter ! to !
[08:43 26-02] [http-nio-8080-exec-3] [INFO ] [r.t.e.u.TranslateWord] Translated full line Cbcmrb juhjvyst! to Сиськи огромные!
[08:43 26-02] [http-nio-8080-exec-3] [INFO ] [r.t.e.S.IdPerRequest] Initialized new [request] id [07]
[08:43 26-02] [http-nio-8080-exec-3] [INFO ] [r.t.e.S.T.TranslateService] Registered totalId [4528#07]
[08:43 26-02] [http-nio-8080-exec-3] [INFO ] [r.t.e.u.GetConnection] Open connection to database
[08:43 26-02] [http-nio-8080-exec-3] [INFO ] [r.t.e.D.DTOTranslate] Saved bean Cbcmrb juhjvyst! in database
[08:43 26-02] [http-nio-8080-exec-3] [INFO ] [r.t.e.D.DTOTranslate] Closed connection to database
[08:43 26-02] [http-nio-8080-exec-4] [INFO ] [r.t.e.C.T.TranslateController] Transfer to page translate-page.html
[08:43 26-02] [http-nio-8080-exec-4] [INFO ] [r.t.e.u.GetConnection] Open connection to database
[08:43 26-02] [http-nio-8080-exec-4] [INFO ] [r.t.e.D.DTOTranslate] Got 2 recent pojo objects from database
[08:43 26-02] [http-nio-8080-exec-4] [INFO ] [r.t.e.D.DTOTranslate] Closed connection to database
[08:43 26-02] [http-nio-8080-exec-4] [INFO ] [r.t.e.C.T.TranslateController] Initialized absent POJO object
[08:43 26-02] [http-nio-8080-exec-5] [INFO ] [r.t.e.C.T.TranslateController] Transfer to page history.html
[08:43 26-02] [http-nio-8080-exec-5] [INFO ] [r.t.e.u.GetConnection] Open connection to database
[08:43 26-02] [http-nio-8080-exec-5] [INFO ] [r.t.e.D.DTOTranslate] Got all pojo objects from database
[08:43 26-02] [http-nio-8080-exec-5] [INFO ] [r.t.e.D.DTOTranslate] Closed connection to database
[08:43 26-02] [http-nio-8080-exec-6] [INFO ] [r.t.e.C.T.TranslateController] Redirected to sub - history.html
[08:43 26-02] [http-nio-8080-exec-6] [INFO ] [r.t.e.u.GetConnection] Open connection to database
[08:43 26-02] [http-nio-8080-exec-6] [INFO ] [r.t.e.D.DTOTranslate] Removed all objects from database
[08:43 26-02] [http-nio-8080-exec-6] [INFO ] [r.t.e.D.DTOTranslate] Closed connection to database
[08:43 26-02] [http-nio-8080-exec-7] [INFO ] [r.t.e.C.T.TranslateController] Transfer to page history.html
[08:43 26-02] [http-nio-8080-exec-7] [INFO ] [r.t.e.u.GetConnection] Open connection to database
[08:43 26-02] [http-nio-8080-exec-7] [INFO ] [r.t.e.D.DTOTranslate] Got all pojo objects from database
[08:43 26-02] [http-nio-8080-exec-7] [INFO ] [r.t.e.D.DTOTranslate] Closed connection to database
[08:43 26-02] [http-nio-8080-exec-8] [INFO ] [r.t.e.C.T.TranslateController] Transfer to page translate-page.html
[08:43 26-02] [http-nio-8080-exec-8] [INFO ] [r.t.e.u.GetConnection] Open connection to database
[08:43 26-02] [http-nio-8080-exec-8] [INFO ] [r.t.e.D.DTOTranslate] Got 2 recent pojo objects from database
[08:43 26-02] [http-nio-8080-exec-8] [INFO ] [r.t.e.D.DTOTranslate] Closed connection to database
[08:43 26-02] [http-nio-8080-exec-8] [INFO ] [r.t.e.C.T.TranslateController] Initialized absent POJO object
