[19:57 24-02] [main] [INFO ] [r.t.e.EngRusApplication] Starting EngRusApplication using Java 21.0.10 with PID 92537 (/home/kv3rk/full_projects/eng-rus/target/classes started by kv3rk in /home/kv3rk/full_projects/eng-rus)
[19:57 24-02] [main] [INFO ] [r.t.e.EngRusApplication] No active profile set, falling back to 1 default profile: "default"
[19:57 24-02] [main] [INFO ] [r.t.e.C.DictionaryForMap] Initialized dictionary
[19:57 24-02] [main] [INFO ] [r.t.e.EngRusApplication] Started EngRusApplication in 1.273 seconds (process running for 1.65)
[19:57 24-02] [http-nio-8080-exec-2] [INFO ] [r.t.e.C.T.TranslateController] Got value jxrj
[19:57 24-02] [http-nio-8080-exec-2] [INFO ] [r.t.e.S.T.TranslateService] Got value jxrj for work
[19:57 24-02] [http-nio-8080-exec-2] [INFO ] [r.t.e.C.DictionaryForMap] Swapped the letter j to о
[19:57 24-02] [http-nio-8080-exec-2] [INFO ] [r.t.e.C.DictionaryForMap] Swapped the letter x to ч
[19:57 24-02] [http-nio-8080-exec-2] [INFO ] [r.t.e.C.DictionaryForMap] Swapped the letter r to к
[19:57 24-02] [http-nio-8080-exec-2] [INFO ] [r.t.e.C.DictionaryForMap] Swapped the letter j to о
[19:57 24-02] [http-nio-8080-exec-2] [INFO ] [r.t.e.u.TranslateWord] Translated full word jxrj to очко
[19:57 24-02] [http-nio-8080-exec-2] [INFO ] [r.t.e.u.GetConnection] Open connection to database
[19:57 24-02] [http-nio-8080-exec-2] [ERROR] [r.t.e.D.DTOTranslate] ERROR: duplicate key value violates unique constraint "wrongstring_pkey"
  Detail: Key (id)=(1) already exists.
[19:57 24-02] [http-nio-8080-exec-2] [INFO ] [r.t.e.D.DTOTranslate] Closed connection to database
[19:57 24-02] [http-nio-8080-exec-3] [INFO ] [r.t.e.C.T.TranslateController] Got value jxrj
[19:57 24-02] [http-nio-8080-exec-3] [INFO ] [r.t.e.S.T.TranslateService] Got value jxrj for work
[19:57 24-02] [http-nio-8080-exec-3] [INFO ] [r.t.e.C.DictionaryForMap] Swapped the letter j to о
[19:57 24-02] [http-nio-8080-exec-3] [INFO ] [r.t.e.C.DictionaryForMap] Swapped the letter x to ч
[19:57 24-02] [http-nio-8080-exec-3] [INFO ] [r.t.e.C.DictionaryForMap] Swapped the letter r to к
[19:57 24-02] [http-nio-8080-exec-3] [INFO ] [r.t.e.C.DictionaryForMap] Swapped the letter j to о
[19:57 24-02] [http-nio-8080-exec-3] [INFO ] [r.t.e.u.TranslateWord] Translated full word jxrj to очко
[19:57 24-02] [http-nio-8080-exec-3] [INFO ] [r.t.e.u.GetConnection] Open connection to database
[19:57 24-02] [http-nio-8080-exec-3] [ERROR] [r.t.e.D.DTOTranslate] ERROR: duplicate key value violates unique constraint "wrongstring_pkey"
  Detail: Key (id)=(2) already exists.
[19:57 24-02] [http-nio-8080-exec-3] [INFO ] [r.t.e.D.DTOTranslate] Closed connection to database
