[18:51 25-02] [main] [INFO ] [r.t.e.EngRusApplication] Starting EngRusApplication using Java 21.0.10 with PID 116642 (/home/kv3rk/full_projects/eng-rus/target/classes started by kv3rk in /home/kv3rk/full_projects/eng-rus)
[18:51 25-02] [main] [INFO ] [r.t.e.EngRusApplication] No active profile set, falling back to 1 default profile: "default"
[18:51 25-02] [main] [INFO ] [r.t.e.C.DictionaryForMap] Initialized dictionary
[18:51 25-02] [main] [INFO ] [r.t.e.EngRusApplication] Started EngRusApplication in 1.454 seconds (process running for 1.843)
[18:51 25-02] [http-nio-8080-exec-1] [INFO ] [r.t.e.C.T.TranslateController] Initialized absent POJO object
[18:51 25-02] [http-nio-8080-exec-2] [INFO ] [r.t.e.C.T.TranslateController] Got necessary wrong string gbcmrb cbcmrb b ve;brb/ cjcbnt [eqwf gbljhs t,fyst
[18:51 25-02] [http-nio-8080-exec-2] [INFO ] [r.t.e.S.UUIDPerSession] Initialized new [session] id [df61]
[18:51 25-02] [http-nio-8080-exec-2] [INFO ] [r.t.e.S.T.TranslateService] Got value gbcmrb cbcmrb b ve;brb/ cjcbnt [eqwf gbljhs t,fyst for work
[18:51 25-02] [http-nio-8080-exec-2] [INFO ] [r.t.e.C.DictionaryForMap] Swapped the letter g to п
[18:51 25-02] [http-nio-8080-exec-2] [INFO ] [r.t.e.C.DictionaryForMap] Swapped the letter b to и
[18:51 25-02] [http-nio-8080-exec-2] [INFO ] [r.t.e.C.DictionaryForMap] Swapped the letter c to с
[18:51 25-02] [http-nio-8080-exec-2] [INFO ] [r.t.e.C.DictionaryForMap] Swapped the letter m to ь
[18:51 25-02] [http-nio-8080-exec-2] [INFO ] [r.t.e.C.DictionaryForMap] Swapped the letter r to к
[18:51 25-02] [http-nio-8080-exec-2] [INFO ] [r.t.e.C.DictionaryForMap] Swapped the letter b to и
[18:51 25-02] [http-nio-8080-exec-2] [INFO ] [r.t.e.C.DictionaryForMap] Swapped the letter   to  
[18:51 25-02] [http-nio-8080-exec-2] [INFO ] [r.t.e.C.DictionaryForMap] Swapped the letter c to с
[18:51 25-02] [http-nio-8080-exec-2] [INFO ] [r.t.e.C.DictionaryForMap] Swapped the letter b to и
[18:51 25-02] [http-nio-8080-exec-2] [INFO ] [r.t.e.C.DictionaryForMap] Swapped the letter c to с
[18:51 25-02] [http-nio-8080-exec-2] [INFO ] [r.t.e.C.DictionaryForMap] Swapped the letter m to ь
[18:51 25-02] [http-nio-8080-exec-2] [INFO ] [r.t.e.C.DictionaryForMap] Swapped the letter r to к
[18:51 25-02] [http-nio-8080-exec-2] [INFO ] [r.t.e.C.DictionaryForMap] Swapped the letter b to и
[18:51 25-02] [http-nio-8080-exec-2] [INFO ] [r.t.e.C.DictionaryForMap] Swapped the letter   to  
[18:51 25-02] [http-nio-8080-exec-2] [INFO ] [r.t.e.C.DictionaryForMap] Swapped the letter b to и
[18:51 25-02] [http-nio-8080-exec-2] [INFO ] [r.t.e.C.DictionaryForMap] Swapped the letter   to  
[18:51 25-02] [http-nio-8080-exec-2] [INFO ] [r.t.e.C.DictionaryForMap] Swapped the letter v to м
[18:51 25-02] [http-nio-8080-exec-2] [INFO ] [r.t.e.C.DictionaryForMap] Swapped the letter e to у
[18:51 25-02] [http-nio-8080-exec-2] [INFO ] [r.t.e.C.DictionaryForMap] Swapped the letter ; to ж
[18:51 25-02] [http-nio-8080-exec-2] [INFO ] [r.t.e.C.DictionaryForMap] Swapped the letter b to и
[18:51 25-02] [http-nio-8080-exec-2] [INFO ] [r.t.e.C.DictionaryForMap] Swapped the letter r to к
[18:51 25-02] [http-nio-8080-exec-2] [INFO ] [r.t.e.C.DictionaryForMap] Swapped the letter b to и
[18:51 25-02] [http-nio-8080-exec-2] [INFO ] [r.t.e.C.DictionaryForMap] Swapped the letter / to .
[18:51 25-02] [http-nio-8080-exec-2] [INFO ] [r.t.e.C.DictionaryForMap] Swapped the letter   to  
[18:51 25-02] [http-nio-8080-exec-2] [INFO ] [r.t.e.C.DictionaryForMap] Swapped the letter c to с
[18:51 25-02] [http-nio-8080-exec-2] [INFO ] [r.t.e.C.DictionaryForMap] Swapped the letter j to о
[18:51 25-02] [http-nio-8080-exec-2] [INFO ] [r.t.e.C.DictionaryForMap] Swapped the letter c to с
[18:51 25-02] [http-nio-8080-exec-2] [INFO ] [r.t.e.C.DictionaryForMap] Swapped the letter b to и
[18:51 25-02] [http-nio-8080-exec-2] [INFO ] [r.t.e.C.DictionaryForMap] Swapped the letter n to т
[18:51 25-02] [http-nio-8080-exec-2] [INFO ] [r.t.e.C.DictionaryForMap] Swapped the letter t to е
[18:51 25-02] [http-nio-8080-exec-2] [INFO ] [r.t.e.C.DictionaryForMap] Swapped the letter   to  
[18:51 25-02] [http-nio-8080-exec-2] [INFO ] [r.t.e.C.DictionaryForMap] Swapped the letter [ to х
[18:51 25-02] [http-nio-8080-exec-2] [INFO ] [r.t.e.C.DictionaryForMap] Swapped the letter e to у
[18:51 25-02] [http-nio-8080-exec-2] [INFO ] [r.t.e.C.DictionaryForMap] Swapped the letter q to й
[18:51 25-02] [http-nio-8080-exec-2] [INFO ] [r.t.e.C.DictionaryForMap] Swapped the letter w to ц
[18:51 25-02] [http-nio-8080-exec-2] [INFO ] [r.t.e.C.DictionaryForMap] Swapped the letter f to а
[18:51 25-02] [http-nio-8080-exec-2] [INFO ] [r.t.e.C.DictionaryForMap] Swapped the letter   to  
[18:51 25-02] [http-nio-8080-exec-2] [INFO ] [r.t.e.C.DictionaryForMap] Swapped the letter g to п
[18:51 25-02] [http-nio-8080-exec-2] [INFO ] [r.t.e.C.DictionaryForMap] Swapped the letter b to и
[18:51 25-02] [http-nio-8080-exec-2] [INFO ] [r.t.e.C.DictionaryForMap] Swapped the letter l to д
[18:51 25-02] [http-nio-8080-exec-2] [INFO ] [r.t.e.C.DictionaryForMap] Swapped the letter j to о
[18:51 25-02] [http-nio-8080-exec-2] [INFO ] [r.t.e.C.DictionaryForMap] Swapped the letter h to р
[18:51 25-02] [http-nio-8080-exec-2] [INFO ] [r.t.e.C.DictionaryForMap] Swapped the letter s to ы
[18:51 25-02] [http-nio-8080-exec-2] [INFO ] [r.t.e.C.DictionaryForMap] Swapped the letter   to  
[18:51 25-02] [http-nio-8080-exec-2] [INFO ] [r.t.e.C.DictionaryForMap] Swapped the letter t to е
[18:51 25-02] [http-nio-8080-exec-2] [INFO ] [r.t.e.C.DictionaryForMap] Swapped the letter , to б
[18:51 25-02] [http-nio-8080-exec-2] [INFO ] [r.t.e.C.DictionaryForMap] Swapped the letter f to а
[18:51 25-02] [http-nio-8080-exec-2] [INFO ] [r.t.e.C.DictionaryForMap] Swapped the letter y to н
[18:51 25-02] [http-nio-8080-exec-2] [INFO ] [r.t.e.C.DictionaryForMap] Swapped the letter s to ы
[18:51 25-02] [http-nio-8080-exec-2] [INFO ] [r.t.e.C.DictionaryForMap] Swapped the letter t to е
[18:51 25-02] [http-nio-8080-exec-2] [INFO ] [r.t.e.u.TranslateWord] Translated full word gbcmrb cbcmrb b ve;brb/ cjcbnt [eqwf gbljhs t,fyst to письки сиськи и мужики. сосите хуйца пидоры ебаные
[18:51 25-02] [http-nio-8080-exec-2] [INFO ] [r.t.e.S.IdPerRequest] Initialized new [request] id [89]
[18:51 25-02] [http-nio-8080-exec-2] [INFO ] [r.t.e.S.T.TranslateService] Registered totalId [df61#89]
[18:51 25-02] [http-nio-8080-exec-2] [INFO ] [r.t.e.u.GetConnection] Open connection to database
[18:51 25-02] [http-nio-8080-exec-2] [INFO ] [r.t.e.D.DTOTranslate] Saved bean gbcmrb cbcmrb b ve;brb/ cjcbnt [eqwf gbljhs t,fyst in database
[18:51 25-02] [http-nio-8080-exec-2] [INFO ] [r.t.e.D.DTOTranslate] Closed connection to database
[18:51 25-02] [http-nio-8080-exec-3] [INFO ] [r.t.e.C.T.TranslateController] Initialized absent POJO object
